<?xml version="1.0" encoding="UTF-8"?>
<!-- Generated by org.testng.reporters.JUnitXMLReporter -->
<testsuite ignored="0" hostname="STIPL-SMBL0339" failures="0" tests="4" name="Default test" time="7.592" errors="0" timestamp="2024-11-18T22:06:14 IST">
  <testcase classname="testValidations.TestValidationsPOM" name="accountLogin" time="1.233"/>
  <testcase classname="testValidations.TestValidationsPOM" name="accountLogout" time="3.531"/>
  <testcase classname="testValidations.TestValidationsPOM" name="dashboard" time="2.027"/>
  <testcase classname="testValidations.TestValidationsPOM" name="wishListFunct" time="0.741"/>
</testsuite> <!-- Default test -->
