<?xml version="1.0" encoding="UTF-8"?>
<!-- Generated by org.testng.reporters.JUnitXMLReporter -->
<testsuite ignored="0" hostname="STIPL-SMBL0339" failures="0" tests="4" name="Test" time="16.189" errors="0" timestamp="2024-11-13T01:36:20 IST">
  <testcase classname="testValidations.TestValidationsPOM" name="accountLogin" time="1.17"/>
  <testcase classname="testValidations.TestValidationsPOM" name="accountLogout" time="3.551"/>
  <testcase classname="testValidations.TestValidationsPOM" name="dashboard" time="2.065"/>
  <testcase classname="testValidations.TestValidationsPOM" name="wishListFunct" time="0.749"/>
</testsuite> <!-- Test -->
