<?xml version="1.0" encoding="UTF-8"?>
<!-- Generated by org.testng.reporters.JUnitXMLReporter -->
<testsuite ignored="0" hostname="STIPL-SMBL0339" failures="0" tests="4" name="Test" time="9.06" errors="0" timestamp="2024-12-07T00:42:51 IST">
  <testcase classname="testValidations.TestValidationsPOM" name="accountLogin" time="1.591"/>
  <testcase classname="testValidations.TestValidationsPOM" name="accountLogout" time="3.621"/>
  <testcase classname="testValidations.TestValidationsPOM" name="dashboard" time="2.424"/>
  <testcase classname="testValidations.TestValidationsPOM" name="wishListFunct" time="1.373"/>
</testsuite> <!-- Test -->
