<?xml version="1.0" encoding="UTF-8"?>
<testng-results ignored="0" total="4" passed="4" failed="0" skipped="0">
  <reporter-output>
  </reporter-output>
  <suite started-at="2024-12-07T00:42:42 IST" name="Suite" finished-at="2024-12-07T00:42:51 IST" duration-ms="9060">
    <groups>
    </groups>
    <test started-at="2024-12-07T00:42:42 IST" name="Test" finished-at="2024-12-07T00:42:51 IST" duration-ms="9060">
      <class name="testValidations.TestValidationsPOM">
        <test-method is-config="true" signature="setup()[pri:0, instance:testValidations.TestValidationsPOM@350aac89]" started-at="2024-12-07T00:42:33 IST" name="setup" finished-at="2024-12-07T00:42:42 IST" duration-ms="8857" status="PASS">
          <reporter-output>
          </reporter-output>
        </test-method> <!-- setup -->
        <test-method signature="accountLogin(java.lang.String,java.lang.String)[pri:0, instance:testValidations.TestValidationsPOM@350aac89]" started-at="2024-12-07T00:42:42 IST" name="accountLogin" data-provider="getValidCred" finished-at="2024-12-07T00:42:43 IST" duration-ms="1591" status="PASS">
          <params>
            <param index="0">
              <value>
                <![CDATA[vikasv360test@gmail.com]]>
              </value>
            </param>
            <param index="1">
              <value>
                <![CDATA[Test@1234]]>
              </value>
            </param>
          </params>
          <reporter-output>
          </reporter-output>
        </test-method> <!-- accountLogin -->
        <test-method signature="accountLogout()[pri:0, instance:testValidations.TestValidationsPOM@350aac89]" started-at="2024-12-07T00:42:43 IST" name="accountLogout" finished-at="2024-12-07T00:42:47 IST" depends-on-methods="testValidations.TestValidationsPOM.accountLogin" duration-ms="3621" status="PASS">
          <reporter-output>
          </reporter-output>
        </test-method> <!-- accountLogout -->
        <test-method signature="dashboard()[pri:0, instance:testValidations.TestValidationsPOM@350aac89]" started-at="2024-12-07T00:42:47 IST" name="dashboard" finished-at="2024-12-07T00:42:49 IST" depends-on-methods="testValidations.TestValidationsPOM.accountLogin" duration-ms="2424" status="PASS">
          <reporter-output>
          </reporter-output>
        </test-method> <!-- dashboard -->
        <test-method signature="wishListFunct()[pri:0, instance:testValidations.TestValidationsPOM@350aac89]" started-at="2024-12-07T00:42:49 IST" name="wishListFunct" finished-at="2024-12-07T00:42:51 IST" depends-on-methods="testValidations.TestValidationsPOM.accountLogin" duration-ms="1373" status="PASS">
          <reporter-output>
          </reporter-output>
        </test-method> <!-- wishListFunct -->
        <test-method is-config="true" signature="teardown()[pri:0, instance:testValidations.TestValidationsPOM@350aac89]" started-at="2024-12-07T00:42:51 IST" name="teardown" finished-at="2024-12-07T00:42:53 IST" duration-ms="2078" status="PASS">
          <reporter-output>
          </reporter-output>
        </test-method> <!-- teardown -->
      </class> <!-- testValidations.TestValidationsPOM -->
    </test> <!-- Test -->
  </suite> <!-- Suite -->
</testng-results>
